<?xml version="1.0" encoding="UTF-8" ?>
<testsuite failures="0" time="0.75" errors="0" skipped="0" tests="2" name="org.mohhow.bi.AppTest">
  <properties>
    <property name="java.runtime.name" value="Java(TM) SE Runtime Environment"/>
    <property name="sun.boot.library.path" value="/System/Library/Java/JavaVirtualMachines/1.6.0.jdk/Contents/Libraries"/>
    <property name="java.vm.version" value="20.8-b03-424"/>
    <property name="awt.nativeDoubleBuffering" value="true"/>
    <property name="gopherProxySet" value="false"/>
    <property name="mrj.build" value="11M3720"/>
    <property name="java.vm.vendor" value="Apple Inc."/>
    <property name="java.vendor.url" value="http://www.apple.com/"/>
    <property name="path.separator" value=":"/>
    <property name="java.vm.name" value="Java HotSpot(TM) 64-Bit Server VM"/>
    <property name="file.encoding.pkg" value="sun.io"/>
    <property name="user.country" value="DE"/>
    <property name="sun.java.launcher" value="SUN_STANDARD"/>
    <property name="sun.os.patch.level" value="unknown"/>
    <property name="java.vm.specification.name" value="Java Virtual Machine Specification"/>
    <property name="user.dir" value="/Users/Jon/MOHHOW/dev/workspace/org.mohhow.modeler"/>
    <property name="java.runtime.version" value="1.6.0_33-b03-424-11M3720"/>
    <property name="java.awt.graphicsenv" value="apple.awt.CGraphicsEnvironment"/>
    <property name="basedir" value="/Users/Jon/MOHHOW/dev/workspace/org.mohhow.modeler"/>
    <property name="java.endorsed.dirs" value="/System/Library/Java/JavaVirtualMachines/1.6.0.jdk/Contents/Home/lib/endorsed"/>
    <property name="os.arch" value="x86_64"/>
    <property name="surefire.real.class.path" value="/Users/Jon/MOHHOW/dev/workspace/org.mohhow.modeler/target/surefire/surefirebooter972173621115200352.jar"/>
    <property name="java.io.tmpdir" value="/var/folders/hv/22tz7lrn5_94mcm3frzbcrn80000gn/T/"/>
    <property name="line.separator" value="
"/>
    <property name="java.vm.specification.vendor" value="Sun Microsystems Inc."/>
    <property name="os.name" value="Mac OS X"/>
    <property name="sun.jnu.encoding" value="MacRoman"/>
    <property name="java.library.path" value=".:/Library/Java/Extensions:/System/Library/Java/Extensions:/usr/lib/java"/>
    <property name="surefire.test.class.path" value="/Users/Jon/MOHHOW/dev/workspace/org.mohhow.modeler/target/test-classes:/Users/Jon/MOHHOW/dev/workspace/org.mohhow.modeler/target/classes:/Users/Jon/.m2/repository/net/liftweb/lift-mapper_2.8.1/2.3/lift-mapper_2.8.1-2.3.jar:/Users/Jon/.m2/repository/org/apache/derby/derby/10.7.1.1/derby-10.7.1.1.jar:/Users/Jon/.m2/repository/net/liftweb/lift-db_2.8.1/2.3/lift-db_2.8.1-2.3.jar:/Users/Jon/.m2/repository/net/liftweb/lift-util_2.8.1/2.3/lift-util_2.8.1-2.3.jar:/Users/Jon/.m2/repository/commons-codec/commons-codec/1.4/commons-codec-1.4.jar:/Users/Jon/.m2/repository/nu/validator/htmlparser/htmlparser/1.2.1/htmlparser-1.2.1.jar:/Users/Jon/.m2/repository/javax/mail/mail/1.4.1/mail-1.4.1.jar:/Users/Jon/.m2/repository/javax/activation/activation/1.1/activation-1.1.jar:/Users/Jon/.m2/repository/joda-time/joda-time/1.6.2/joda-time-1.6.2.jar:/Users/Jon/.m2/repository/net/liftweb/lift-actor_2.8.1/2.3/lift-actor_2.8.1-2.3.jar:/Users/Jon/.m2/repository/net/liftweb/lift-common_2.8.1/2.3/lift-common_2.8.1-2.3.jar:/Users/Jon/.m2/repository/net/liftweb/lift-json_2.8.1/2.3/lift-json_2.8.1-2.3.jar:/Users/Jon/.m2/repository/com/thoughtworks/paranamer/paranamer/2.3/paranamer-2.3.jar:/Users/Jon/.m2/repository/net/liftweb/lift-proto_2.8.1/2.3/lift-proto_2.8.1-2.3.jar:/Users/Jon/.m2/repository/net/liftweb/lift-webkit_2.8.1/2.3/lift-webkit_2.8.1-2.3.jar:/Users/Jon/.m2/repository/commons-fileupload/commons-fileupload/1.2.2/commons-fileupload-1.2.2.jar:/Users/Jon/.m2/repository/org/scala-lang/scala-library/2.8.1/scala-library-2.8.1.jar:/Users/Jon/.m2/repository/net/liftweb/lift-ldap_2.8.1/2.3/lift-ldap_2.8.1-2.3.jar:/Users/Jon/.m2/repository/ch/qos/logback/logback-classic/0.9.26/logback-classic-0.9.26.jar:/Users/Jon/.m2/repository/ch/qos/logback/logback-core/0.9.26/logback-core-0.9.26.jar:/Users/Jon/.m2/repository/org/slf4j/slf4j-api/1.6.1/slf4j-api-1.6.1.jar:/Users/Jon/.m2/repository/com/h2database/h2/1.2.138/h2-1.2.138.jar:/Users/Jon/.m2/repository/javax/servlet/servlet-api/2.5/servlet-api-2.5.jar:/Users/Jon/.m2/repository/junit/junit/4.7/junit-4.7.jar:/Users/Jon/.m2/repository/org/scala-tools/testing/specs_2.8.1/1.6.6/specs_2.8.1-1.6.6.jar:/Users/Jon/.m2/repository/org/mortbay/jetty/jetty/6.1.25/jetty-6.1.25.jar:/Users/Jon/.m2/repository/org/mortbay/jetty/jetty-util/6.1.25/jetty-util-6.1.25.jar:/Users/Jon/.m2/repository/org/mortbay/jetty/servlet-api/2.5-20081211/servlet-api-2.5-20081211.jar:/Users/Jon/.m2/repository/commons-io/commons-io/2.0/commons-io-2.0.jar:/Users/Jon/.m2/repository/org/scala-lang/scala-compiler/2.8.1/scala-compiler-2.8.1.jar:/Users/Jon/.m2/repository/postgresql/postgresql/9.1-901.jdbc4/postgresql-9.1-901.jdbc4.jar:"/>
    <property name="java.specification.name" value="Java Platform API Specification"/>
    <property name="java.class.version" value="50.0"/>
    <property name="sun.management.compiler" value="HotSpot 64-Bit Tiered Compilers"/>
    <property name="os.version" value="10.8"/>
    <property name="http.nonProxyHosts" value="local|*.local|169.254/16|*.169.254/16"/>
    <property name="user.home" value="/Users/Jon"/>
    <property name="user.timezone" value=""/>
    <property name="java.awt.printerjob" value="apple.awt.CPrinterJob"/>
    <property name="java.specification.version" value="1.6"/>
    <property name="file.encoding" value="MacRoman"/>
    <property name="user.name" value="Jon"/>
    <property name="java.class.path" value="/Users/Jon/MOHHOW/dev/workspace/org.mohhow.modeler/target/test-classes:/Users/Jon/MOHHOW/dev/workspace/org.mohhow.modeler/target/classes:/Users/Jon/.m2/repository/net/liftweb/lift-mapper_2.8.1/2.3/lift-mapper_2.8.1-2.3.jar:/Users/Jon/.m2/repository/org/apache/derby/derby/10.7.1.1/derby-10.7.1.1.jar:/Users/Jon/.m2/repository/net/liftweb/lift-db_2.8.1/2.3/lift-db_2.8.1-2.3.jar:/Users/Jon/.m2/repository/net/liftweb/lift-util_2.8.1/2.3/lift-util_2.8.1-2.3.jar:/Users/Jon/.m2/repository/commons-codec/commons-codec/1.4/commons-codec-1.4.jar:/Users/Jon/.m2/repository/nu/validator/htmlparser/htmlparser/1.2.1/htmlparser-1.2.1.jar:/Users/Jon/.m2/repository/javax/mail/mail/1.4.1/mail-1.4.1.jar:/Users/Jon/.m2/repository/javax/activation/activation/1.1/activation-1.1.jar:/Users/Jon/.m2/repository/joda-time/joda-time/1.6.2/joda-time-1.6.2.jar:/Users/Jon/.m2/repository/net/liftweb/lift-actor_2.8.1/2.3/lift-actor_2.8.1-2.3.jar:/Users/Jon/.m2/repository/net/liftweb/lift-common_2.8.1/2.3/lift-common_2.8.1-2.3.jar:/Users/Jon/.m2/repository/net/liftweb/lift-json_2.8.1/2.3/lift-json_2.8.1-2.3.jar:/Users/Jon/.m2/repository/com/thoughtworks/paranamer/paranamer/2.3/paranamer-2.3.jar:/Users/Jon/.m2/repository/net/liftweb/lift-proto_2.8.1/2.3/lift-proto_2.8.1-2.3.jar:/Users/Jon/.m2/repository/net/liftweb/lift-webkit_2.8.1/2.3/lift-webkit_2.8.1-2.3.jar:/Users/Jon/.m2/repository/commons-fileupload/commons-fileupload/1.2.2/commons-fileupload-1.2.2.jar:/Users/Jon/.m2/repository/org/scala-lang/scala-library/2.8.1/scala-library-2.8.1.jar:/Users/Jon/.m2/repository/net/liftweb/lift-ldap_2.8.1/2.3/lift-ldap_2.8.1-2.3.jar:/Users/Jon/.m2/repository/ch/qos/logback/logback-classic/0.9.26/logback-classic-0.9.26.jar:/Users/Jon/.m2/repository/ch/qos/logback/logback-core/0.9.26/logback-core-0.9.26.jar:/Users/Jon/.m2/repository/org/slf4j/slf4j-api/1.6.1/slf4j-api-1.6.1.jar:/Users/Jon/.m2/repository/com/h2database/h2/1.2.138/h2-1.2.138.jar:/Users/Jon/.m2/repository/javax/servlet/servlet-api/2.5/servlet-api-2.5.jar:/Users/Jon/.m2/repository/junit/junit/4.7/junit-4.7.jar:/Users/Jon/.m2/repository/org/scala-tools/testing/specs_2.8.1/1.6.6/specs_2.8.1-1.6.6.jar:/Users/Jon/.m2/repository/org/mortbay/jetty/jetty/6.1.25/jetty-6.1.25.jar:/Users/Jon/.m2/repository/org/mortbay/jetty/jetty-util/6.1.25/jetty-util-6.1.25.jar:/Users/Jon/.m2/repository/org/mortbay/jetty/servlet-api/2.5-20081211/servlet-api-2.5-20081211.jar:/Users/Jon/.m2/repository/commons-io/commons-io/2.0/commons-io-2.0.jar:/Users/Jon/.m2/repository/org/scala-lang/scala-compiler/2.8.1/scala-compiler-2.8.1.jar:/Users/Jon/.m2/repository/postgresql/postgresql/9.1-901.jdbc4/postgresql-9.1-901.jdbc4.jar:"/>
    <property name="java.vm.specification.version" value="1.0"/>
    <property name="sun.arch.data.model" value="64"/>
    <property name="java.home" value="/System/Library/Java/JavaVirtualMachines/1.6.0.jdk/Contents/Home"/>
    <property name="sun.java.command" value="/Users/Jon/MOHHOW/dev/workspace/org.mohhow.modeler/target/surefire/surefirebooter972173621115200352.jar /Users/Jon/MOHHOW/dev/workspace/org.mohhow.modeler/target/surefire/surefire6346862841764988504tmp /Users/Jon/MOHHOW/dev/workspace/org.mohhow.modeler/target/surefire/surefire3655341802842998323tmp"/>
    <property name="java.specification.vendor" value="Sun Microsystems Inc."/>
    <property name="user.language" value="de"/>
    <property name="awt.toolkit" value="apple.awt.CToolkit"/>
    <property name="java.vm.info" value="mixed mode"/>
    <property name="java.version" value="1.6.0_33"/>
    <property name="java.ext.dirs" value="/Library/Java/Extensions:/System/Library/Java/Extensions:/System/Library/Java/JavaVirtualMachines/1.6.0.jdk/Contents/Home/lib/ext"/>
    <property name="sun.boot.class.path" value="/System/Library/Java/JavaVirtualMachines/1.6.0.jdk/Contents/Classes/jsfd.jar:/System/Library/Java/JavaVirtualMachines/1.6.0.jdk/Contents/Classes/classes.jar:/System/Library/Frameworks/JavaVM.framework/Frameworks/JavaRuntimeSupport.framework/Resources/Java/JavaRuntimeSupport.jar:/System/Library/Java/JavaVirtualMachines/1.6.0.jdk/Contents/Classes/ui.jar:/System/Library/Java/JavaVirtualMachines/1.6.0.jdk/Contents/Classes/laf.jar:/System/Library/Java/JavaVirtualMachines/1.6.0.jdk/Contents/Classes/sunrsasign.jar:/System/Library/Java/JavaVirtualMachines/1.6.0.jdk/Contents/Classes/jsse.jar:/System/Library/Java/JavaVirtualMachines/1.6.0.jdk/Contents/Classes/jce.jar:/System/Library/Java/JavaVirtualMachines/1.6.0.jdk/Contents/Classes/charsets.jar"/>
    <property name="java.vendor" value="Apple Inc."/>
    <property name="localRepository" value="/Users/Jon/.m2/repository"/>
    <property name="file.separator" value="/"/>
    <property name="java.vendor.url.bug" value="http://bugreport.apple.com/"/>
    <property name="sun.cpu.endian" value="little"/>
    <property name="sun.io.unicode.encoding" value="UnicodeLittle"/>
    <property name="mrj.version" value="1070.1.6.0_33-424"/>
    <property name="socksNonProxyHosts" value="local|*.local|169.254/16|*.169.254/16"/>
    <property name="ftp.nonProxyHosts" value="local|*.local|169.254/16|*.169.254/16"/>
    <property name="sun.cpu.isalist" value=""/>
  </properties>
  <testcase time="0.001" classname="org.mohhow.bi.AppTest" name="testOK"/>
  <testcase time="0.701" classname="org.mohhow.bi.AppTest" name="testXml"/>
</testsuite>